<?xml version="1.0" encoding="UTF-8"?>
<!-- Generated by org.testng.reporters.JUnitXMLReporter -->
<testsuite hostname="DESKTOP-VEKUJ09" ignored="0" name="Default test" tests="3" failures="0" timestamp="16 Apr 2020 21:49:03 GMT" time="2.602" errors="0">
  <testcase name="getCreateData" time="1.686" classname="datadriventesting.Data_Driven_Testing_AddNewEmployees"/>
  <testcase name="getCreateData" time="0.409" classname="datadriventesting.Data_Driven_Testing_AddNewEmployees"/>
  <testcase name="getCreateData" time="0.484" classname="datadriventesting.Data_Driven_Testing_AddNewEmployees"/>
</testsuite> <!-- Default test -->
